<?xml version="1.0" encoding="UTF-8"?>
<testExecutions version="1">
  <file path="/Users/davidhenriarnaud/Documents/Esgi/Master1/Projet_Annuel/social-share-code/src/test/utils.test.js">
  </file>
</testExecutions>